c:\users\elfro\desktop\working sdl project\samplecore\debug\samplecore.pch
c:\users\elfro\desktop\working sdl project\samplecore\debug\samplecore.pdb
c:\users\elfro\desktop\working sdl project\samplecore\debug\samplecore.idb
c:\users\elfro\desktop\working sdl project\samplecore\debug\stdafx.obj
c:\users\elfro\desktop\working sdl project\samplecore\debug\engine.obj
c:\users\elfro\desktop\working sdl project\samplecore\debug\gameobject.obj
c:\users\elfro\desktop\working sdl project\samplecore\debug\inputsystem.obj
c:\users\elfro\desktop\working sdl project\samplecore\debug\manager.obj
c:\users\elfro\desktop\working sdl project\samplecore\debug\scene.obj
c:\users\elfro\desktop\working sdl project\samplecore\debug\system.obj
c:\users\elfro\desktop\working sdl project\samplecore\debug\systemmanager.obj
c:\users\elfro\desktop\working sdl project\samplecore\debug\window.obj
c:\users\elfro\desktop\working sdl project\samplecore\debug\scenemanager.obj
c:\users\elfro\desktop\working sdl project\samplecore\debug\samplecore.lib
c:\users\elfro\desktop\working sdl project\samplecore\debug\samplegame.ilk
c:\users\elfro\desktop\working sdl project\samplecore\debug\samplegame.pdb
c:\users\elfro\desktop\working sdl project\samplecore\debug\samplecore.tlog\cl.command.1.tlog
c:\users\elfro\desktop\working sdl project\samplecore\debug\samplecore.tlog\cl.read.1.tlog
c:\users\elfro\desktop\working sdl project\samplecore\debug\samplecore.tlog\cl.write.1.tlog
c:\users\elfro\desktop\working sdl project\samplecore\debug\samplecore.tlog\lib-link.read.1.tlog
c:\users\elfro\desktop\working sdl project\samplecore\debug\samplecore.tlog\lib-link.write.1.tlog
c:\users\elfro\desktop\working sdl project\samplecore\debug\samplecore.tlog\lib.command.1.tlog
